<?xml version="1.0" encoding="UTF-8"?>
<!-- Generated by org.testng.reporters.JUnitReportReporter -->
<testsuite hostname="DESKTOP-OLJMNI0" failures="0" tests="13" name="Test.org.MyProject" time="54.718" errors="0" timestamp="2023-09-20T16:03:59 IST" skipped="0">
  <testcase classname="Test.org.MyProject" name="openBrowser" time="11.496"/>
  <testcase classname="Test.org.MyProject" name="Login" time="2.575"/>
  <testcase classname="Test.org.MyProject" name="search" time="3.585"/>
  <testcase classname="Test.org.MyProject" name="selectCateogory" time="5.574"/>
  <testcase classname="Test.org.MyProject" name="sortCategory" time="3.595"/>
  <testcase classname="Test.org.MyProject" name="addCart" time="2.333"/>
  <testcase classname="Test.org.MyProject" name="checkoutCart" time="4.918"/>
  <testcase classname="Test.org.MyProject" name="billingAdress" time="8.569"/>
  <testcase classname="Test.org.MyProject" name="shippingMethod" time="3.297"/>
  <testcase classname="Test.org.MyProject" name="paymentMethod" time="3.249"/>
  <testcase classname="Test.org.MyProject" name="PaymentInfo" time="5.158"/>
  <testcase classname="Test.org.MyProject" name="confirmOrder" time="0.206"/>
  <testcase classname="Test.org.MyProject" name="takesScreenshot" time="0.163"/>
</testsuite> <!-- Test.org.MyProject -->
