<?xml version="1.0" encoding="UTF-8"?>
<!-- Generated by org.testng.reporters.JUnitReportReporter -->
<testsuite hostname="DESKTOP-OLJMNI0" failures="0" tests="2" name="Test.org.BasicProject" time="98.178" errors="0" timestamp="2023-12-07T11:43:30 IST" skipped="0">
  <testcase classname="Test.org.BasicProject" name="loginURL2" time="39.764"/>
  <testcase classname="Test.org.BasicProject" name="loginURL1" time="58.414"/>
</testsuite> <!-- Test.org.BasicProject -->
